<?xml version="1.0" encoding="UTF-8"?>
<!-- Generated by org.testng.reporters.JUnitXMLReporter -->
<testsuite hostname="Sanjeevsingh" ignored="18" name="Test" tests="16" failures="0" timestamp="01 Nov 2019 09:23:50 GMT" time="26.174" errors="0">
  <testcase name="checkPOST_operation" time="2.387" classname="com.wunderlist.TestCases.TC003_POST_Data"/>
  <testcase name="checkPOST_operation" time="1.165" classname="com.wunderlist.TestCases.TC004_POST2_Data"/>
  <testcase name="check_Response" time="0.027" classname="com.wunderlist.TestCases.TC001_GETAll_Data"/>
  <testcase name="check_statusCode" time="0.002" classname="com.wunderlist.TestCases.TC001_GETAll_Data"/>
  <testcase name="check_Response" time="0.006" classname="com.wunderlist.TestCases.TC002_GETAny_Data"/>
  <testcase name="check_statusCode" time="0.004" classname="com.wunderlist.TestCases.TC002_GETAny_Data"/>
  <testcase name="Check_Status" time="0.003" classname="com.wunderlist.TestCases.TC007_PATCH1"/>
  <testcase name="patch_1" time="1.274" classname="com.wunderlist.TestCases.TC007_PATCH1"/>
  <testcase name="check_status" time="0.002" classname="com.wunderlist.TestCases.TC008_PATCH2"/>
  <testcase name="patch_1" time="1.162" classname="com.wunderlist.TestCases.TC008_PATCH2"/>
  <testcase name="check_status" time="0.001" classname="com.wunderlist.TestCases.TC009_PUT1"/>
  <testcase name="put_Data" time="1.277" classname="com.wunderlist.TestCases.TC009_PUT1"/>
  <testcase name="check_status" time="0.003" classname="com.wunderlist.TestCases.TC010_PUT2"/>
  <testcase name="put_Data" time="1.216" classname="com.wunderlist.TestCases.TC010_PUT2"/>
  <testcase name="Delete_1" time="2.867" classname="com.wunderlist.TestCases.TC005_Delete1_Data"/>
  <testcase name="Delete_1" time="2.662" classname="com.wunderlist.TestCases.TC006_Delete2_Data"/>
  <testcase name="@AfterSuite reportTeardown" time="0.0" classname="com.wunderlist.base.Base_Class">
    <ignored/>
  </testcase> <!-- @AfterSuite reportTeardown -->
  <testcase name="@AfterSuite reportTeardown" time="0.0" classname="com.wunderlist.base.Base_Class">
    <ignored/>
  </testcase> <!-- @AfterSuite reportTeardown -->
  <testcase name="@AfterSuite reportTeardown" time="0.0" classname="com.wunderlist.base.Base_Class">
    <ignored/>
  </testcase> <!-- @AfterSuite reportTeardown -->
  <testcase name="@AfterSuite reportTeardown" time="0.0" classname="com.wunderlist.base.Base_Class">
    <ignored/>
  </testcase> <!-- @AfterSuite reportTeardown -->
  <testcase name="@AfterSuite reportTeardown" time="0.0" classname="com.wunderlist.base.Base_Class">
    <ignored/>
  </testcase> <!-- @AfterSuite reportTeardown -->
  <testcase name="@AfterSuite reportTeardown" time="0.0" classname="com.wunderlist.base.Base_Class">
    <ignored/>
  </testcase> <!-- @AfterSuite reportTeardown -->
  <testcase name="@AfterSuite reportTeardown" time="0.0" classname="com.wunderlist.base.Base_Class">
    <ignored/>
  </testcase> <!-- @AfterSuite reportTeardown -->
  <testcase name="@AfterSuite reportTeardown" time="0.0" classname="com.wunderlist.base.Base_Class">
    <ignored/>
  </testcase> <!-- @AfterSuite reportTeardown -->
  <testcase name="@AfterSuite reportTeardown" time="0.0" classname="com.wunderlist.base.Base_Class">
    <ignored/>
  </testcase> <!-- @AfterSuite reportTeardown -->
  <testcase name="@BeforeSuite reportSetUp" time="0.0" classname="com.wunderlist.base.Base_Class">
    <ignored/>
  </testcase> <!-- @BeforeSuite reportSetUp -->
  <testcase name="@BeforeSuite reportSetUp" time="0.0" classname="com.wunderlist.base.Base_Class">
    <ignored/>
  </testcase> <!-- @BeforeSuite reportSetUp -->
  <testcase name="@BeforeSuite reportSetUp" time="0.0" classname="com.wunderlist.base.Base_Class">
    <ignored/>
  </testcase> <!-- @BeforeSuite reportSetUp -->
  <testcase name="@BeforeSuite reportSetUp" time="0.0" classname="com.wunderlist.base.Base_Class">
    <ignored/>
  </testcase> <!-- @BeforeSuite reportSetUp -->
  <testcase name="@BeforeSuite reportSetUp" time="0.0" classname="com.wunderlist.base.Base_Class">
    <ignored/>
  </testcase> <!-- @BeforeSuite reportSetUp -->
  <testcase name="@BeforeSuite reportSetUp" time="0.0" classname="com.wunderlist.base.Base_Class">
    <ignored/>
  </testcase> <!-- @BeforeSuite reportSetUp -->
  <testcase name="@BeforeSuite reportSetUp" time="0.0" classname="com.wunderlist.base.Base_Class">
    <ignored/>
  </testcase> <!-- @BeforeSuite reportSetUp -->
  <testcase name="@BeforeSuite reportSetUp" time="0.0" classname="com.wunderlist.base.Base_Class">
    <ignored/>
  </testcase> <!-- @BeforeSuite reportSetUp -->
  <testcase name="@BeforeSuite reportSetUp" time="0.0" classname="com.wunderlist.base.Base_Class">
    <ignored/>
  </testcase> <!-- @BeforeSuite reportSetUp -->
</testsuite> <!-- Test -->
