<?xml version="1.0" encoding="UTF-8"?>
<testng-results skipped="0" failed="0" ignored="0" total="1" passed="1">
  <reporter-output>
  </reporter-output>
  <suite name="Default suite" duration-ms="3006" started-at="2019-10-31T13:30:16Z" finished-at="2019-10-31T13:30:19Z">
    <groups>
    </groups>
    <test name="Default test" duration-ms="3006" started-at="2019-10-31T13:30:16Z" finished-at="2019-10-31T13:30:19Z">
      <class name="com.wunderlist.TestCases.TC010_PUT2">
        <test-method status="PASS" signature="reportSetUp()[pri:0, instance:com.wunderlist.TestCases.TC010_PUT2@5f2108b5]" name="reportSetUp" is-config="true" duration-ms="80" started-at="2019-10-31T19:00:16Z" finished-at="2019-10-31T19:00:16Z">
          <reporter-output>
          </reporter-output>
        </test-method> <!-- reportSetUp -->
        <test-method status="PASS" signature="setUp()[pri:0, instance:com.wunderlist.TestCases.TC010_PUT2@5f2108b5]" name="setUp" is-config="true" duration-ms="39" started-at="2019-10-31T19:00:16Z" finished-at="2019-10-31T19:00:16Z">
          <reporter-output>
          </reporter-output>
        </test-method> <!-- setUp -->
        <test-method status="PASS" signature="put()[pri:0, instance:com.wunderlist.TestCases.TC010_PUT2@5f2108b5]" name="put" is-config="true" duration-ms="560" started-at="2019-10-31T19:00:16Z" finished-at="2019-10-31T19:00:16Z">
          <reporter-output>
          </reporter-output>
        </test-method> <!-- put -->
        <test-method status="PASS" signature="put_Data()[pri:0, instance:com.wunderlist.TestCases.TC010_PUT2@5f2108b5]" name="put_Data" duration-ms="2390" started-at="2019-10-31T19:00:16Z" finished-at="2019-10-31T19:00:19Z">
          <reporter-output>
          </reporter-output>
        </test-method> <!-- put_Data -->
      </class> <!-- com.wunderlist.TestCases.TC010_PUT2 -->
    </test> <!-- Default test -->
  </suite> <!-- Default suite -->
</testng-results>
